<?xml version="1.0" encoding="UTF-8"?>
<testsuite name="TestSuite" time="4.452" tests="6" errors="0" skipped="5" failures="1">
  <properties>
[...]
</properties>
  <testcase name="runScenario" classname="util.RunCukes" time="0">
    <skipped/>
    <system-err><![CDATA[Starting ChromeDriver 84.0.4147.30 (48b3e868b4cc0aa7e8149519690b6f6949e110a8-refs/branch-heads/4147@{#310}) on port 32806
Only local connections are allowed.
Please see https://chromedriver.chromium.org/security-considerations for suggestions on keeping ChromeDriver safe.
ChromeDriver was started successfully.
Aug 10, 2020 1:24:55 PM org.openqa.selenium.remote.ProtocolHandshake createSession
INFO: Detected dialect: W3C
]]></system-err>
  </testcase>
  <testcase name="runScenario" classname="util.RunCukes" time="0">
    <skipped/>
  </testcase>
  <testcase name="runScenario" classname="util.RunCukes" time="0">
    <skipped/>
  </testcase>
  <testcase name="runScenario" classname="util.RunCukes" time="0">
    <skipped/>
  </testcase>
  <testcase name="setUpScenario" classname="util.RunCukes" time="4.452">
    <failure message="Check browser namefirefox" type="java.lang.IllegalArgumentException">java.lang.IllegalArgumentException: Check browser namefirefox
	at util.Driver.loadBrowser(Driver.java:41)
	at util.RunCukes.setUpScenario(RunCukes.java:30)
</failure>
    <system-out><![CDATA[
There were undefined steps. You can implement missing steps with the snippets below:

Given("Navigate to the URL", () -> {
    // Write code here that turns the phrase above into concrete actions
    throw new cucumber.api.PendingException();
});

Then("Verify that home page is displayed", () -> {
    // Write code here that turns the phrase above into concrete actions
    throw new cucumber.api.PendingException();
});

When("Click on register", () -> {
    // Write code here that turns the phrase above into concrete actions
    throw new cucumber.api.PendingException();
});

When("Create a new account", () -> {
    // Write code here that turns the phrase above into concrete actions
    throw new cucumber.api.PendingException();
});

Given("Click on the HomePage Icon", () -> {
    // Write code here that turns the phrase above into concrete actions
    throw new cucumber.api.PendingException();
});

When("Get all the link text and entered in Notepad", () -> {
    // Write code here that turns the phrase above into concrete actions
    throw new cucumber.api.PendingException();
});

]]></system-out>
  </testcase>
  <testcase name="tearDown" classname="util.RunCukes" time="0">
    <skipped/>
  </testcase>
</testsuite>